<?xml version="1.0" encoding="UTF-8"?>
<testsuite name="Operaciones básicas de la calculadora usando Appium" tests="4" skipped="0" failures="0" errors="0" timestamp="2020-10-05T18:11:58" hostname="DESKTOP-DRDTGK8" time="56.39">
  <properties/>
  <testcase name="Realizar operaciones básicas de la calculadora (suma, resta, multiplicación y división)" classname="Operaciones básicas de la calculadora usando Appium" time="13.522"/>
  <testcase name="Realizar operaciones básicas de la calculadora (suma, resta, multiplicación y división)" classname="Operaciones básicas de la calculadora usando Appium" time="16.142"/>
  <testcase name="Realizar operaciones básicas de la calculadora (suma, resta, multiplicación y división)" classname="Operaciones básicas de la calculadora usando Appium" time="12.978"/>
  <testcase name="Realizar operaciones básicas de la calculadora (suma, resta, multiplicación y división)" classname="Operaciones básicas de la calculadora usando Appium" time="13.741"/>
  <system-out><![CDATA[]]></system-out>
  <system-err><![CDATA[oct 05, 2020 1:12:09 PM io.appium.java_client.remote.AppiumCommandExecutor$1 lambda$0
INFORMACIÓN: Detected dialect: W3C
[Test worker] INFO net.thucydides.core.steps.ConsoleLoggingListener - 
        __    _____ _____ ____ _____   ____   _    ____  ____  _____ ____  
  _     \ \  |_   _| ____/ ___|_   _| |  _ \ / \  / ___|/ ___|| ____|  _ \ 
 (_)_____| |   | | |  _| \___ \ | |   | |_) / _ \ \___ \\___ \|  _| | | | |
  _|_____| |   | | | |___ ___) || |   |  __/ ___ \ ___) |___) | |___| |_| |
 (_)     | |   |_| |_____|____/ |_|   |_| /_/   \_\____/|____/|_____|____/ 
        /_/                                                                

TEST PASSED: Realizar operaciones básicas de la calculadora (suma, resta, multiplicación y división)
----------------------------------------------------------------------------
oct 05, 2020 1:12:25 PM io.appium.java_client.remote.AppiumCommandExecutor$1 lambda$0
INFORMACIÓN: Detected dialect: W3C
[Test worker] INFO net.thucydides.core.steps.ConsoleLoggingListener - 
        __    _____ _____ ____ _____   ____   _    ____  ____  _____ ____  
  _     \ \  |_   _| ____/ ___|_   _| |  _ \ / \  / ___|/ ___|| ____|  _ \ 
 (_)_____| |   | | |  _| \___ \ | |   | |_) / _ \ \___ \\___ \|  _| | | | |
  _|_____| |   | | | |___ ___) || |   |  __/ ___ \ ___) |___) | |___| |_| |
 (_)     | |   |_| |_____|____/ |_|   |_| /_/   \_\____/|____/|_____|____/ 
        /_/                                                                

TEST PASSED: Realizar operaciones básicas de la calculadora (suma, resta, multiplicación y división)
----------------------------------------------------------------------------
oct 05, 2020 1:12:38 PM io.appium.java_client.remote.AppiumCommandExecutor$1 lambda$0
INFORMACIÓN: Detected dialect: W3C
[Test worker] INFO net.thucydides.core.steps.ConsoleLoggingListener - 
        __    _____ _____ ____ _____   ____   _    ____  ____  _____ ____  
  _     \ \  |_   _| ____/ ___|_   _| |  _ \ / \  / ___|/ ___|| ____|  _ \ 
 (_)_____| |   | | |  _| \___ \ | |   | |_) / _ \ \___ \\___ \|  _| | | | |
  _|_____| |   | | | |___ ___) || |   |  __/ ___ \ ___) |___) | |___| |_| |
 (_)     | |   |_| |_____|____/ |_|   |_| /_/   \_\____/|____/|_____|____/ 
        /_/                                                                

TEST PASSED: Realizar operaciones básicas de la calculadora (suma, resta, multiplicación y división)
----------------------------------------------------------------------------
oct 05, 2020 1:12:50 PM io.appium.java_client.remote.AppiumCommandExecutor$1 lambda$0
INFORMACIÓN: Detected dialect: W3C
[Test worker] INFO net.thucydides.core.steps.ConsoleLoggingListener - 
        __    _____ _____ ____ _____   ____   _    ____  ____  _____ ____  
  _     \ \  |_   _| ____/ ___|_   _| |  _ \ / \  / ___|/ ___|| ____|  _ \ 
 (_)_____| |   | | |  _| \___ \ | |   | |_) / _ \ \___ \\___ \|  _| | | | |
  _|_____| |   | | | |___ ___) || |   |  __/ ___ \ ___) |___) | |___| |_| |
 (_)     | |   |_| |_____|____/ |_|   |_| /_/   \_\____/|____/|_____|____/ 
        /_/                                                                

TEST PASSED: Realizar operaciones básicas de la calculadora (suma, resta, multiplicación y división)
----------------------------------------------------------------------------
]]></system-err>
</testsuite>
